{"name": "Do Login -- @1.1 ",
  "status": "broken",
  "statusDetails":
  {"message": "selenium.common.exceptions.NoSuchElementException: Message: no such element: Unable to locate element: {\"method\":\"xpath\",\"selector\":\"//*[.='Sandbox']\"}\n  (Session info: chrome=70.0.3538.102)\n  (Driver info: chromedriver=2.43.600210 (68dcf5eebde37173d4027fa8635e332711d2874a),platform=Windows NT 10.0.17134 x86_64)\n\n",
    "trace": "  File \"c:\\users\\pavan.nemalikanti\\pycharmprojects\\python_bdd\\venv\\lib\\site-packages\\behave\\model.py\", line 1329, in run\n    match.run(runner.context)\n  File \"c:\\users\\pavan.nemalikanti\\pycharmprojects\\python_bdd\\venv\\lib\\site-packages\\behave\\matchers.py\", line 98, in run\n    self.func(context, *args, **kwargs)\n  File \"features\\steps\\calculator_stepdefinition.py\", line 40, in step_impl\n    dashboard_page.assert_title_text('Sandbox')\n  File \"C:\\Users\\pavan.nemalikanti\\PycharmProjects\\python_BDD\\pages\\dashboard.py\", line 12, in assert_title_text\n    assert self.driver.find_by_xpath(Loc.dashboard_title_text).text.strip() == expected\n  File \"C:\\Users\\pavan.nemalikanti\\PycharmProjects\\python_BDD\\features\\browser.py\", line 19, in find_by_xpath\n    return self.driver.find_element_by_xpath(selector)\n  File \"c:\\users\\pavan.nemalikanti\\pycharmprojects\\python_bdd\\venv\\lib\\site-packages\\selenium\\webdriver\\remote\\webdriver.py\", line 393, in find_element_by_xpath\n    return self.find_element(by=By.XPATH, value=xpath)\n  File \"c:\\users\\pavan.nemalikanti\\pycharmprojects\\python_bdd\\venv\\lib\\site-packages\\selenium\\webdriver\\remote\\webdriver.py\", line 966, in find_element\n    'value': value})['value']\n  File \"c:\\users\\pavan.nemalikanti\\pycharmprojects\\python_bdd\\venv\\lib\\site-packages\\selenium\\webdriver\\remote\\webdriver.py\", line 320, in execute\n    self.error_handler.check_response(response)\n  File \"c:\\users\\pavan.nemalikanti\\pycharmprojects\\python_bdd\\venv\\lib\\site-packages\\selenium\\webdriver\\remote\\errorhandler.py\", line 242, in check_response\n    raise exception_class(message, screen, stacktrace)\n"}, "steps": [{"name": "Given user is on Demologinpage", "status": "passed", "start": 1542720393831, "stop": 1542720403957}, {"name": "When user enters valid ADMIN and password", "status": "passed", "start": 1542720403958, "stop": 1542720404257}, {"name": "And clicks on login button", "status": "passed", "start": 1542720404257, "stop": 1542720405529}, {"name": "Then user navigates to dashboardpage", "status": "broken", "statusDetails": {"message": "selenium.common.exceptions.NoSuchElementException: Message: no such element: Unable to locate element: {\"method\":\"xpath\",\"selector\":\"//*[.='Sandbox']\"}\n  (Session info: chrome=70.0.3538.102)\n  (Driver info: chromedriver=2.43.600210 (68dcf5eebde37173d4027fa8635e332711d2874a),platform=Windows NT 10.0.17134 x86_64)\n\n", "trace": "  File \"c:\\users\\pavan.nemalikanti\\pycharmprojects\\python_bdd\\venv\\lib\\site-packages\\behave\\model.py\", line 1329, in run\n    match.run(runner.context)\n  File \"c:\\users\\pavan.nemalikanti\\pycharmprojects\\python_bdd\\venv\\lib\\site-packages\\behave\\matchers.py\", line 98, in run\n    self.func(context, *args, **kwargs)\n  File \"features\\steps\\calculator_stepdefinition.py\", line 40, in step_impl\n    dashboard_page.assert_title_text('Sandbox')\n  File \"C:\\Users\\pavan.nemalikanti\\PycharmProjects\\python_BDD\\pages\\dashboard.py\", line 12, in assert_title_text\n    assert self.driver.find_by_xpath(Loc.dashboard_title_text).text.strip() == expected\n  File \"C:\\Users\\pavan.nemalikanti\\PycharmProjects\\python_BDD\\features\\browser.py\", line 19, in find_by_xpath\n    return self.driver.find_element_by_xpath(selector)\n  File \"c:\\users\\pavan.nemalikanti\\pycharmprojects\\python_bdd\\venv\\lib\\site-packages\\selenium\\webdriver\\remote\\webdriver.py\", line 393, in find_element_by_xpath\n    return self.find_element(by=By.XPATH, value=xpath)\n  File \"c:\\users\\pavan.nemalikanti\\pycharmprojects\\python_bdd\\venv\\lib\\site-packages\\selenium\\webdriver\\remote\\webdriver.py\", line 966, in find_element\n    'value': value})['value']\n  File \"c:\\users\\pavan.nemalikanti\\pycharmprojects\\python_bdd\\venv\\lib\\site-packages\\selenium\\webdriver\\remote\\webdriver.py\", line 320, in execute\n    self.error_handler.check_response(response)\n  File \"c:\\users\\pavan.nemalikanti\\pycharmprojects\\python_bdd\\venv\\lib\\site-packages\\selenium\\webdriver\\remote\\errorhandler.py\", line 242, in check_response\n    raise exception_class(message, screen, stacktrace)\n"}, "start": 1542720405529, "stop": 1542720415567}], "parameters": [{"name": "username", "value": "ADMIN"}, {"name": "password", "value": "password"}], "start": 1542720393829, "stop": 1542720415568, "uuid": "f2e64203-2f14-4349-b6d2-8d4e6098bfc9", "historyId": "1a5e364466a47433f07f5e98c4c7b342", "labels": [{"name": "severity", "value": "normal"}, {"name": "feature", "value": "Login"}, {"name": "framework", "value": "behave"}, {"name": "language", "value": "cpython3"}]}