<testsuite errors="1" failures="0" hostname="INBGQT-LT-0295" name="login.Login" skipped="0" tests="2" time="33.582597" timestamp="2018-11-21T16:07:43.313190"><testcase classname="login.Login" name="Do Login -- @1.1 " status="failed" time="29.411191"><error message="Message: no such element: Unable to locate element: {&quot;method&quot;:&quot;xpath&quot;,&quot;selector&quot;:&quot;//a[@href=&quot;https://demo.moodle.net&quot;]/child::*&quot;}&#10;  (Session info: chrome=70.0.3538.102)&#10;  (Driver info: chromedriver=2.43.600210 (68dcf5eebde37173d4027fa8635e332711d2874a),platform=Windows NT 10.0.17134 x86_64)&#10;" type="NoSuchElementException">
<![CDATA[
Failing step: Then user navigates to dashboardpage ... failed in 10.066s
Location: features/login.feature:8
Traceback (most recent call last):
  File "c:\users\pavan.nemalikanti\pycharmprojects\python_bdd\venv\lib\site-packages\behave\model.py", line 1329, in run
    match.run(runner.context)
  File "c:\users\pavan.nemalikanti\pycharmprojects\python_bdd\venv\lib\site-packages\behave\matchers.py", line 98, in run
    self.func(context, *args, **kwargs)
  File "features\steps\calculator_stepdefinition.py", line 37, in step_impl
    dashboard_page.assert_title_text('Sandbox')
  File "C:\Users\pavan.nemalikanti\PycharmProjects\python_BDD\pages\dashboard.py", line 12, in assert_title_text
    assert self.driver.find_by_xpath(Loc.dashboard_title_text).text.strip() == expected
  File "C:\Users\pavan.nemalikanti\PycharmProjects\python_BDD\features\browser.py", line 19, in find_by_xpath
    return self.driver.find_element_by_xpath(selector)
  File "c:\users\pavan.nemalikanti\pycharmprojects\python_bdd\venv\lib\site-packages\selenium\webdriver\remote\webdriver.py", line 393, in find_element_by_xpath
    return self.find_element(by=By.XPATH, value=xpath)
  File "c:\users\pavan.nemalikanti\pycharmprojects\python_bdd\venv\lib\site-packages\selenium\webdriver\remote\webdriver.py", line 966, in find_element
    'value': value})['value']
  File "c:\users\pavan.nemalikanti\pycharmprojects\python_bdd\venv\lib\site-packages\selenium\webdriver\remote\webdriver.py", line 320, in execute
    self.error_handler.check_response(response)
  File "c:\users\pavan.nemalikanti\pycharmprojects\python_bdd\venv\lib\site-packages\selenium\webdriver\remote\errorhandler.py", line 242, in check_response
    raise exception_class(message, screen, stacktrace)
selenium.common.exceptions.NoSuchElementException: Message: no such element: Unable to locate element: {"method":"xpath","selector":"//a[@href="https://demo.moodle.net"]/child::*"}
  (Session info: chrome=70.0.3538.102)
  (Driver info: chromedriver=2.43.600210 (68dcf5eebde37173d4027fa8635e332711d2874a),platform=Windows NT 10.0.17134 x86_64)

]]>
</error><system-out>
<![CDATA[
@scenario.begin
  Scenario Outline: Do Login -- @1.1 
    Given user is on Demologinpage ... passed in 15.496s
    When user enters valid ADMIN and password ... passed in 1.905s
    And clicks on login button ... passed in 1.944s
    Then user navigates to dashboardpage ... failed in 10.066s

@scenario.end
--------------------------------------------------------------------------------
]]>
</system-out></testcase><testcase classname="login.Login" name="Do Login -- @1.2 " status="passed" time="4.171406"><system-out>
<![CDATA[
@scenario.begin
  Scenario Outline: Do Login -- @1.2 
    Given user is on Demologinpage ... passed in 0.915s
    When user enters valid admin and sandbox ... passed in 0.206s
    And clicks on login button ... passed in 3.008s
    Then user navigates to dashboardpage ... passed in 0.043s

@scenario.end
--------------------------------------------------------------------------------
]]>
</system-out></testcase></testsuite>